# JRE version: OpenJDK Runtime Environment (11.0.10) (build 11.0.10+0-b96-7249189)
# Java VM: OpenJDK 64-Bit Server VM (11.0.10+0-b96-7249189, mixed mode, tiered, compressed oops, g1 gc, windows-amd64)
Heap:
 garbage-first heap   total 565248K, used 152322K [0x0000000080000000, 0x0000000100000000)
  region size 1024K, 18 young (18432K), 9 survivors (9216K)
 Metaspace       used 157416K, capacity 161880K, committed 162176K, reserved 1191936K
  class space    used 18593K, capacity 20247K, committed 20352K, reserved 1048576K
GC Heap History (20 events):
Event: 782.712 GC heap before
{Heap before GC invocations=118 (full 0):
 garbage-first heap   total 565248K, used 202701K [0x0000000080000000, 0x0000000100000000)
  region size 1024K, 27 young (27648K), 19 survivors (19456K)
 Metaspace       used 149974K, capacity 153825K, committed 154112K, reserved 1183744K
  class space    used 17918K, capacity 19362K, committed 19456K, reserved 1048576K
}
Event: 782.848 GC heap after
{Heap after GC invocations=119 (full 0):
 garbage-first heap   total 565248K, used 163345K [0x0000000080000000, 0x0000000100000000)
  region size 1024K, 2 young (2048K), 2 survivors (2048K)
 Metaspace       used 149974K, capacity 153825K, committed 154112K, reserved 1183744K
  class space    used 17918K, capacity 19362K, committed 19456K, reserved 1048576K
}
Event: 810.098 GC heap before
{Heap before GC invocations=119 (full 0):
 garbage-first heap   total 565248K, used 353809K [0x0000000080000000, 0x0000000100000000)
  region size 1024K, 188 young (192512K), 2 survivors (2048K)
 Metaspace       used 151129K, capacity 155095K, committed 155136K, reserved 1185792K
  class space    used 18005K, capacity 19439K, committed 19456K, reserved 1048576K
}
Event: 810.139 GC heap after
{Heap after GC invocations=120 (full 0):
 garbage-first heap   total 565248K, used 161297K [0x0000000080000000, 0x0000000100000000)
  region size 1024K, 2 young (2048K), 2 survivors (2048K)
 Metaspace       used 151129K, capacity 155095K, committed 155136K, reserved 1185792K
  class space    used 18005K, capacity 19439K, committed 19456K, reserved 1048576K
}
Event: 888.614 GC heap before
{Heap before GC invocations=121 (full 0):
 garbage-first heap   total 565248K, used 431633K [0x0000000080000000, 0x0000000100000000)
  region size 1024K, 217 young (222208K), 2 survivors (2048K)
 Metaspace       used 151778K, capacity 155900K, committed 156032K, reserved 1185792K
  class space    used 18039K, capacity 19529K, committed 19584K, reserved 1048576K
}
Event: 888.734 GC heap after
{Heap after GC invocations=122 (full 0):
 garbage-first heap   total 565248K, used 173097K [0x0000000080000000, 0x0000000100000000)
  region size 1024K, 16 young (16384K), 16 survivors (16384K)
 Metaspace       used 151778K, capacity 155900K, committed 156032K, reserved 1185792K
  class space    used 18039K, capacity 19529K, committed 19584K, reserved 1048576K
}
Event: 889.847 GC heap before
{Heap before GC invocations=122 (full 0):
 garbage-first heap   total 565248K, used 183337K [0x0000000080000000, 0x0000000100000000)
  region size 1024K, 27 young (27648K), 16 survivors (16384K)
 Metaspace       used 151799K, capacity 155907K, committed 156032K, reserved 1185792K
  class space    used 18040K, capacity 19530K, committed 19584K, reserved 1048576K
}
Event: 889.956 GC heap after
{Heap after GC invocations=123 (full 0):
 garbage-first heap   total 565248K, used 153401K [0x0000000080000000, 0x0000000100000000)
  region size 1024K, 2 young (2048K), 2 survivors (2048K)
 Metaspace       used 151799K, capacity 155907K, committed 156032K, reserved 1185792K
  class space    used 18040K, capacity 19530K, committed 19584K, reserved 1048576K
}
Event: 890.064 GC heap before
{Heap before GC invocations=123 (full 0):
 garbage-first heap   total 565248K, used 154425K [0x0000000080000000, 0x0000000100000000)
  region size 1024K, 4 young (4096K), 2 survivors (2048K)
 Metaspace       used 151799K, capacity 155907K, committed 156032K, reserved 1185792K
  class space    used 18040K, capacity 19530K, committed 19584K, reserved 1048576K
}
Event: 890.082 GC heap after
{Heap after GC invocations=124 (full 0):
 garbage-first heap   total 565248K, used 152564K [0x0000000080000000, 0x0000000100000000)
  region size 1024K, 2 young (2048K), 2 survivors (2048K)
 Metaspace       used 151799K, capacity 155907K, committed 156032K, reserved 1185792K
  class space    used 18040K, capacity 19530K, committed 19584K, reserved 1048576K
}
Event: 899.022 GC heap before
{Heap before GC invocations=125 (full 0):
 garbage-first heap   total 565248K, used 354292K [0x0000000080000000, 0x0000000100000000)
  region size 1024K, 191 young (195584K), 2 survivors (2048K)
 Metaspace       used 156250K, capacity 160378K, committed 160512K, reserved 1189888K
  class space    used 18423K, capacity 19933K, committed 19968K, reserved 1048576K
}
Event: 899.038 GC heap after
{Heap after GC invocations=126 (full 0):
 garbage-first heap   total 565248K, used 155588K [0x0000000080000000, 0x0000000100000000)
  region size 1024K, 3 young (3072K), 3 survivors (3072K)
 Metaspace       used 156250K, capacity 160378K, committed 160512K, reserved 1189888K
  class space    used 18423K, capacity 19933K, committed 19968K, reserved 1048576K
}
Event: 930.713 GC heap before
{Heap before GC invocations=126 (full 0):
 garbage-first heap   total 565248K, used 179140K [0x0000000080000000, 0x0000000100000000)
  region size 1024K, 27 young (27648K), 3 survivors (3072K)
 Metaspace       used 156361K, capacity 160477K, committed 160512K, reserved 1189888K
  class space    used 18427K, capacity 19941K, committed 19968K, reserved 1048576K
}
Event: 930.720 GC heap after
{Heap after GC invocations=127 (full 0):
 garbage-first heap   total 565248K, used 138146K [0x0000000080000000, 0x0000000100000000)
  region size 1024K, 2 young (2048K), 2 survivors (2048K)
 Metaspace       used 156361K, capacity 160477K, committed 160512K, reserved 1189888K
  class space    used 18427K, capacity 19941K, committed 19968K, reserved 1048576K
}
Event: 931.004 GC heap before
{Heap before GC invocations=127 (full 0):
 garbage-first heap   total 565248K, used 151458K [0x0000000080000000, 0x0000000100000000)
  region size 1024K, 16 young (16384K), 2 survivors (2048K)
 Metaspace       used 156361K, capacity 160477K, committed 160512K, reserved 1189888K
  class space    used 18427K, capacity 19941K, committed 19968K, reserved 1048576K
}
Event: 931.009 GC heap after
{Heap after GC invocations=128 (full 0):
 garbage-first heap   total 565248K, used 138419K [0x0000000080000000, 0x0000000100000000)
  region size 1024K, 3 young (3072K), 3 survivors (3072K)
 Metaspace       used 156361K, capacity 160477K, committed 160512K, reserved 1189888K
  class space    used 18427K, capacity 19941K, committed 19968K, reserved 1048576K
}
Event: 1254.674 GC heap before
{Heap before GC invocations=129 (full 0):
 garbage-first heap   total 565248K, used 189619K [0x0000000080000000, 0x0000000100000000)
  region size 1024K, 45 young (46080K), 3 survivors (3072K)
 Metaspace       used 156608K, capacity 160789K, committed 160896K, reserved 1189888K
  class space    used 18456K, capacity 19995K, committed 20096K, reserved 1048576K
}
Event: 1254.784 GC heap after
{Heap after GC invocations=130 (full 0):
 garbage-first heap   total 565248K, used 141615K [0x0000000080000000, 0x0000000100000000)
  region size 1024K, 6 young (6144K), 6 survivors (6144K)
 Metaspace       used 156608K, capacity 160789K, committed 160896K, reserved 1189888K
  class space    used 18456K, capacity 19995K, committed 20096K, reserved 1048576K
}
Event: 1340.896 GC heap before
{Heap before GC invocations=131 (full 0):
 garbage-first heap   total 565248K, used 345391K [0x0000000080000000, 0x0000000100000000)
  region size 1024K, 166 young (169984K), 6 survivors (6144K)
 Metaspace       used 157411K, capacity 161880K, committed 162176K, reserved 1191936K
  class space    used 18593K, capacity 20247K, committed 20352K, reserved 1048576K
}
Event: 1340.992 GC heap after
{Heap after GC invocations=132 (full 0):
 garbage-first heap   total 565248K, used 145154K [0x0000000080000000, 0x0000000100000000)
  region size 1024K, 9 young (9216K), 9 survivors (9216K)
 Metaspace       used 157411K, capacity 161880K, committed 162176K, reserved 1191936K
  class space    used 18593K, capacity 20247K, committed 20352K, reserved 1048576K
}

